app/build/intermediates/manifest_merge_blame_file/debug/processDebugMainManifest/manifest-merger-blame-debug-report.txt
1<?xml version="1.0" encoding="utf-8"?>
2<manifest xmlns:android="http://schemas.android.com/apk/res/android"
3    package="com.example.sj_voiceguard"
4    android:versionCode="1"
5    android:versionName="1.0" >
6
7    <uses-sdk
8        android:minSdkVersion="24"
9        android:targetSdkVersion="34" />
10
11    <uses-feature
11-->src\main\AndroidManifest.xml:5:5-7:36
12        android:name="android.hardware.telephony"
12-->src\main\AndroidManifest.xml:6:9-50
13        android:required="false" />
13-->src\main\AndroidManifest.xml:7:9-33
14
15    <uses-permission android:name="android.permission.INTERNET" />
15-->src\main\AndroidManifest.xml:9:5-67
15-->src\main\AndroidManifest.xml:9:22-64
16    <uses-permission android:name="android.permission.POST_NOTIFICATIONS" />
16-->src\main\AndroidManifest.xml:10:5-77
16-->src\main\AndroidManifest.xml:10:22-74
17    <uses-permission android:name="android.permission.RECORD_AUDIO" />
17-->src\main\AndroidManifest.xml:11:5-71
17-->src\main\AndroidManifest.xml:11:22-68
18    <uses-permission android:name="android.permission.SEND_SMS" />
18-->src\main\AndroidManifest.xml:12:5-66
18-->src\main\AndroidManifest.xml:12:22-64
19    <uses-permission android:name="android.permission.VIBRATE" />
19-->src\main\AndroidManifest.xml:13:5-66
19-->src\main\AndroidManifest.xml:13:22-63
20
21    <permission
21-->[androidx.core:core:1.13.1] AndroidManifest.xml:22:5-24:47
22        android:name="com.example.sj_voiceguard.DYNAMIC_RECEIVER_NOT_EXPORTED_PERMISSION"
22-->[androidx.core:core:1.13.1] AndroidManifest.xml:23:9-81
23        android:protectionLevel="signature" />
23-->[androidx.core:core:1.13.1] AndroidManifest.xml:24:9-44
24
25    <uses-permission android:name="com.example.sj_voiceguard.DYNAMIC_RECEIVER_NOT_EXPORTED_PERMISSION" />
25-->[androidx.core:core:1.13.1] AndroidManifest.xml:26:5-97
25-->[androidx.core:core:1.13.1] AndroidManifest.xml:26:22-94
26
27    <application
27-->src\main\AndroidManifest.xml:15:5-66:19
28        android:allowBackup="true"
28-->src\main\AndroidManifest.xml:16:9-35
29        android:appComponentFactory="androidx.core.app.CoreComponentFactory"
29-->[androidx.core:core:1.13.1] AndroidManifest.xml:28:18-86
30        android:dataExtractionRules="@xml/data_extraction_rules"
30-->src\main\AndroidManifest.xml:17:9-65
31        android:debuggable="true"
32        android:extractNativeLibs="false"
33        android:fullBackupContent="@xml/backup_rules"
33-->src\main\AndroidManifest.xml:18:9-54
34        android:icon="@drawable/voice_guard_logo"
34-->src\main\AndroidManifest.xml:19:9-50
35        android:label="@string/app_name"
35-->src\main\AndroidManifest.xml:20:9-41
36        android:roundIcon="@mipmap/ic_launcher_round"
36-->src\main\AndroidManifest.xml:21:9-54
37        android:supportsRtl="true"
37-->src\main\AndroidManifest.xml:22:9-35
38        android:testOnly="true"
39        android:theme="@drawable/voice_guard_logo" >
39-->src\main\AndroidManifest.xml:23:9-51
40        <activity
40-->src\main\AndroidManifest.xml:26:9-34:20
41            android:name="com.example.sj_voiceguard.SplashActivity"
41-->src\main\AndroidManifest.xml:26:19-49
42            android:exported="true"
42-->src\main\AndroidManifest.xml:29:13-36
43            android:screenOrientation="portrait"
43-->src\main\AndroidManifest.xml:28:13-49
44            android:theme="@style/SplashTheme" >
44-->src\main\AndroidManifest.xml:27:13-47
45            <intent-filter>
45-->src\main\AndroidManifest.xml:30:13-33:29
46                <action android:name="android.intent.action.MAIN" />
46-->src\main\AndroidManifest.xml:31:17-69
46-->src\main\AndroidManifest.xml:31:25-66
47
48                <category android:name="android.intent.category.LAUNCHER" />
48-->src\main\AndroidManifest.xml:32:17-77
48-->src\main\AndroidManifest.xml:32:27-74
49            </intent-filter>
50        </activity>
51
52        <!-- MainActivity 설정 -->
53        <activity
53-->src\main\AndroidManifest.xml:37:9-41:39
54            android:name="com.example.sj_voiceguard.MainActivity"
54-->src\main\AndroidManifest.xml:38:13-41
55            android:exported="true"
55-->src\main\AndroidManifest.xml:41:13-36
56            android:screenOrientation="portrait"
56-->src\main\AndroidManifest.xml:40:13-49
57            android:theme="@style/Theme.AppCompat.Light.NoActionBar" />
57-->src\main\AndroidManifest.xml:39:13-69
58        <activity
58-->src\main\AndroidManifest.xml:43:9-47:39
59            android:name="com.example.sj_voiceguard.TermsActivity"
59-->src\main\AndroidManifest.xml:44:13-42
60            android:exported="true"
60-->src\main\AndroidManifest.xml:47:13-36
61            android:screenOrientation="portrait"
61-->src\main\AndroidManifest.xml:46:13-49
62            android:theme="@style/Theme.AppCompat.Light.NoActionBar" />
62-->src\main\AndroidManifest.xml:45:13-69
63        <activity
63-->src\main\AndroidManifest.xml:49:9-53:11
64            android:name="com.example.sj_voiceguard.CallAndDisconnect"
64-->src\main\AndroidManifest.xml:50:13-46
65            android:screenOrientation="portrait"
65-->src\main\AndroidManifest.xml:52:13-49
66            android:theme="@style/Theme.AppCompat.Light.NoActionBar" />
66-->src\main\AndroidManifest.xml:51:13-69
67        <activity
67-->src\main\AndroidManifest.xml:55:9-59:15
68            android:name="com.example.sj_voiceguard.AgreeAct"
68-->src\main\AndroidManifest.xml:56:13-37
69            android:screenOrientation="portrait"
69-->src\main\AndroidManifest.xml:58:13-49
70            android:theme="@style/Theme.AppCompat.Light.NoActionBar" />
70-->src\main\AndroidManifest.xml:57:13-69
71        <activity
71-->src\main\AndroidManifest.xml:60:9-64:15
72            android:name="com.example.sj_voiceguard.GuardiansActivity"
72-->src\main\AndroidManifest.xml:61:13-46
73            android:screenOrientation="portrait"
73-->src\main\AndroidManifest.xml:63:13-49
74            android:theme="@style/Theme.AppCompat.Light.NoActionBar" />
74-->src\main\AndroidManifest.xml:62:13-69
75
76        <provider
76-->[androidx.emoji2:emoji2:1.3.0] AndroidManifest.xml:24:9-32:20
77            android:name="androidx.startup.InitializationProvider"
77-->[androidx.emoji2:emoji2:1.3.0] AndroidManifest.xml:25:13-67
78            android:authorities="com.example.sj_voiceguard.androidx-startup"
78-->[androidx.emoji2:emoji2:1.3.0] AndroidManifest.xml:26:13-68
79            android:exported="false" >
79-->[androidx.emoji2:emoji2:1.3.0] AndroidManifest.xml:27:13-37
80            <meta-data
80-->[androidx.emoji2:emoji2:1.3.0] AndroidManifest.xml:29:13-31:52
81                android:name="androidx.emoji2.text.EmojiCompatInitializer"
81-->[androidx.emoji2:emoji2:1.3.0] AndroidManifest.xml:30:17-75
82                android:value="androidx.startup" />
82-->[androidx.emoji2:emoji2:1.3.0] AndroidManifest.xml:31:17-49
83            <meta-data
83-->[androidx.lifecycle:lifecycle-process:2.6.2] AndroidManifest.xml:29:13-31:52
84                android:name="androidx.lifecycle.ProcessLifecycleInitializer"
84-->[androidx.lifecycle:lifecycle-process:2.6.2] AndroidManifest.xml:30:17-78
85                android:value="androidx.startup" />
85-->[androidx.lifecycle:lifecycle-process:2.6.2] AndroidManifest.xml:31:17-49
86            <meta-data
86-->[androidx.profileinstaller:profileinstaller:1.3.1] AndroidManifest.xml:29:13-31:52
87                android:name="androidx.profileinstaller.ProfileInstallerInitializer"
87-->[androidx.profileinstaller:profileinstaller:1.3.1] AndroidManifest.xml:30:17-85
88                android:value="androidx.startup" />
88-->[androidx.profileinstaller:profileinstaller:1.3.1] AndroidManifest.xml:31:17-49
89        </provider>
90
91        <receiver
91-->[androidx.profileinstaller:profileinstaller:1.3.1] AndroidManifest.xml:34:9-52:20
92            android:name="androidx.profileinstaller.ProfileInstallReceiver"
92-->[androidx.profileinstaller:profileinstaller:1.3.1] AndroidManifest.xml:35:13-76
93            android:directBootAware="false"
93-->[androidx.profileinstaller:profileinstaller:1.3.1] AndroidManifest.xml:36:13-44
94            android:enabled="true"
94-->[androidx.profileinstaller:profileinstaller:1.3.1] AndroidManifest.xml:37:13-35
95            android:exported="true"
95-->[androidx.profileinstaller:profileinstaller:1.3.1] AndroidManifest.xml:38:13-36
96            android:permission="android.permission.DUMP" >
96-->[androidx.profileinstaller:profileinstaller:1.3.1] AndroidManifest.xml:39:13-57
97            <intent-filter>
97-->[androidx.profileinstaller:profileinstaller:1.3.1] AndroidManifest.xml:40:13-42:29
98                <action android:name="androidx.profileinstaller.action.INSTALL_PROFILE" />
98-->[androidx.profileinstaller:profileinstaller:1.3.1] AndroidManifest.xml:41:17-91
98-->[androidx.profileinstaller:profileinstaller:1.3.1] AndroidManifest.xml:41:25-88
99            </intent-filter>
100            <intent-filter>
100-->[androidx.profileinstaller:profileinstaller:1.3.1] AndroidManifest.xml:43:13-45:29
101                <action android:name="androidx.profileinstaller.action.SKIP_FILE" />
101-->[androidx.profileinstaller:profileinstaller:1.3.1] AndroidManifest.xml:44:17-85
101-->[androidx.profileinstaller:profileinstaller:1.3.1] AndroidManifest.xml:44:25-82
102            </intent-filter>
103            <intent-filter>
103-->[androidx.profileinstaller:profileinstaller:1.3.1] AndroidManifest.xml:46:13-48:29
104                <action android:name="androidx.profileinstaller.action.SAVE_PROFILE" />
104-->[androidx.profileinstaller:profileinstaller:1.3.1] AndroidManifest.xml:47:17-88
104-->[androidx.profileinstaller:profileinstaller:1.3.1] AndroidManifest.xml:47:25-85
105            </intent-filter>
106            <intent-filter>
106-->[androidx.profileinstaller:profileinstaller:1.3.1] AndroidManifest.xml:49:13-51:29
107                <action android:name="androidx.profileinstaller.action.BENCHMARK_OPERATION" />
107-->[androidx.profileinstaller:profileinstaller:1.3.1] AndroidManifest.xml:50:17-95
107-->[androidx.profileinstaller:profileinstaller:1.3.1] AndroidManifest.xml:50:25-92
108            </intent-filter>
109        </receiver>
110    </application>
111
112</manifest>